2021-07-29 13:50:26.664 - INFO  [           main] o.s.b.StartupInfoLogger        : Starting SmartmeetingroomApplication on MSI with PID 25336 (C:\Users\MSI-PC\Desktop\smartmeetingroom\target\classes started by MSI-PC in C:\Users\MSI-PC\Desktop\smartmeetingroom)
2021-07-29 13:50:26.718 - INFO  [           main] o.s.b.SpringApplication        : No active profile set, falling back to default profiles: default
2021-07-29 13:50:28.154 - INFO  [           main] egate$BeanPostProcessorChecker : Bean 'serioConfig' of type [cn.hephaestus.smartmeetingroom.configuration.SerioConfig$$EnhancerBySpringCGLIB$$c6eda6] is not eligible for getting processed by all BeanPostProcessors (for example: not eligible for auto-proxying)
2021-07-29 13:50:28.165 - INFO  [           main] egate$BeanPostProcessorChecker : Bean 'org.springframework.transaction.annotation.ProxyTransactionManagementConfiguration' of type [org.springframework.transaction.annotation.ProxyTransactionManagementConfiguration$$EnhancerBySpringCGLIB$$f318939f] is not eligible for getting processed by all BeanPostProcessors (for example: not eligible for auto-proxying)
2021-07-29 13:50:29.958 - INFO  [           main] egate$BeanPostProcessorChecker : Bean 'hashedCredentialsMatcher' of type [org.apache.shiro.authc.credential.HashedCredentialsMatcher] is not eligible for getting processed by all BeanPostProcessors (for example: not eligible for auto-proxying)
2021-07-29 13:50:29.986 - INFO  [           main] egate$BeanPostProcessorChecker : Bean 'mybatis-org.mybatis.spring.boot.autoconfigure.MybatisProperties' of type [org.mybatis.spring.boot.autoconfigure.MybatisProperties] is not eligible for getting processed by all BeanPostProcessors (for example: not eligible for auto-proxying)
2021-07-29 13:50:29.993 - INFO  [           main] egate$BeanPostProcessorChecker : Bean 'org.mybatis.spring.boot.autoconfigure.MybatisAutoConfiguration' of type [org.mybatis.spring.boot.autoconfigure.MybatisAutoConfiguration$$EnhancerBySpringCGLIB$$25ece4cf] is not eligible for getting processed by all BeanPostProcessors (for example: not eligible for auto-proxying)
2021-07-29 13:50:29.996 - INFO  [           main] egate$BeanPostProcessorChecker : Bean 'org.springframework.boot.autoconfigure.jdbc.DataSourceConfiguration$Hikari' of type [org.springframework.boot.autoconfigure.jdbc.DataSourceConfiguration$Hikari] is not eligible for getting processed by all BeanPostProcessors (for example: not eligible for auto-proxying)
2021-07-29 13:50:30.009 - INFO  [           main] egate$BeanPostProcessorChecker : Bean 'spring.datasource-org.springframework.boot.autoconfigure.jdbc.DataSourceProperties' of type [org.springframework.boot.autoconfigure.jdbc.DataSourceProperties] is not eligible for getting processed by all BeanPostProcessors (for example: not eligible for auto-proxying)
2021-07-29 13:50:30.033 - INFO  [           main] egate$BeanPostProcessorChecker : Bean 'dataSource' of type [com.zaxxer.hikari.HikariDataSource] is not eligible for getting processed by all BeanPostProcessors (for example: not eligible for auto-proxying)
2021-07-29 13:50:30.041 - INFO  [           main] egate$BeanPostProcessorChecker : Bean 'org.springframework.boot.autoconfigure.jdbc.DataSourceInitializerInvoker' of type [org.springframework.boot.autoconfigure.jdbc.DataSourceInitializerInvoker] is not eligible for getting processed by all BeanPostProcessors (for example: not eligible for auto-proxying)
2021-07-29 13:50:30.104 - INFO  [           main] egate$BeanPostProcessorChecker : Bean 'sqlSessionFactory' of type [org.apache.ibatis.session.defaults.DefaultSqlSessionFactory] is not eligible for getting processed by all BeanPostProcessors (for example: not eligible for auto-proxying)
2021-07-29 13:50:30.112 - INFO  [           main] egate$BeanPostProcessorChecker : Bean 'sqlSessionTemplate' of type [org.mybatis.spring.SqlSessionTemplate] is not eligible for getting processed by all BeanPostProcessors (for example: not eligible for auto-proxying)
2021-07-29 13:50:30.146 - INFO  [           main] egate$BeanPostProcessorChecker : Bean 'userMapper' of type [org.mybatis.spring.mapper.MapperFactoryBean] is not eligible for getting processed by all BeanPostProcessors (for example: not eligible for auto-proxying)
2021-07-29 13:50:30.147 - INFO  [           main] egate$BeanPostProcessorChecker : Bean 'userMapper' of type [com.sun.proxy.$Proxy77] is not eligible for getting processed by all BeanPostProcessors (for example: not eligible for auto-proxying)
2021-07-29 13:50:30.157 - INFO  [           main] egate$BeanPostProcessorChecker : Bean 'userInfoMapper' of type [org.mybatis.spring.mapper.MapperFactoryBean] is not eligible for getting processed by all BeanPostProcessors (for example: not eligible for auto-proxying)
2021-07-29 13:50:30.159 - INFO  [           main] egate$BeanPostProcessorChecker : Bean 'userInfoMapper' of type [com.sun.proxy.$Proxy79] is not eligible for getting processed by all BeanPostProcessors (for example: not eligible for auto-proxying)
2021-07-29 13:50:30.165 - INFO  [           main] egate$BeanPostProcessorChecker : Bean 'organizationMapper' of type [org.mybatis.spring.mapper.MapperFactoryBean] is not eligible for getting processed by all BeanPostProcessors (for example: not eligible for auto-proxying)
2021-07-29 13:50:30.166 - INFO  [           main] egate$BeanPostProcessorChecker : Bean 'organizationMapper' of type [com.sun.proxy.$Proxy81] is not eligible for getting processed by all BeanPostProcessors (for example: not eligible for auto-proxying)
2021-07-29 13:50:30.167 - INFO  [           main] egate$BeanPostProcessorChecker : Bean 'organizationServiceImpl' of type [cn.hephaestus.smartmeetingroom.service.ServiceImpl.OrganizationServiceImpl] is not eligible for getting processed by all BeanPostProcessors (for example: not eligible for auto-proxying)
2021-07-29 13:50:30.175 - INFO  [           main] egate$BeanPostProcessorChecker : Bean 'departmentMapper' of type [org.mybatis.spring.mapper.MapperFactoryBean] is not eligible for getting processed by all BeanPostProcessors (for example: not eligible for auto-proxying)
2021-07-29 13:50:30.176 - INFO  [           main] egate$BeanPostProcessorChecker : Bean 'departmentMapper' of type [com.sun.proxy.$Proxy84] is not eligible for getting processed by all BeanPostProcessors (for example: not eligible for auto-proxying)
2021-07-29 13:50:30.178 - INFO  [           main] egate$BeanPostProcessorChecker : Bean 'departmentServiceImpl' of type [cn.hephaestus.smartmeetingroom.service.ServiceImpl.DepartmentServiceImpl] is not eligible for getting processed by all BeanPostProcessors (for example: not eligible for auto-proxying)
2021-07-29 13:50:30.179 - INFO  [           main] egate$BeanPostProcessorChecker : Bean 'userServiceImpl' of type [cn.hephaestus.smartmeetingroom.service.ServiceImpl.UserServiceImpl] is not eligible for getting processed by all BeanPostProcessors (for example: not eligible for auto-proxying)
2021-07-29 13:50:30.180 - INFO  [           main] egate$BeanPostProcessorChecker : Bean 'ShiroRealm' of type [cn.hephaestus.smartmeetingroom.shiro.ShiroRealm] is not eligible for getting processed by all BeanPostProcessors (for example: not eligible for auto-proxying)
2021-07-29 13:50:30.186 - INFO  [           main] egate$BeanPostProcessorChecker : Bean 'securityManager' of type [org.apache.shiro.web.mgt.DefaultWebSecurityManager] is not eligible for getting processed by all BeanPostProcessors (for example: not eligible for auto-proxying)
2021-07-29 13:50:30.587 - INFO  [           main] o.s.b.w.e.t.TomcatWebServer    : Tomcat initialized with port(s): 8080 (http)
2021-07-29 13:50:30.777 - INFO  [           main] letWebServerApplicationContext : Root WebApplicationContext: initialization completed in 3996 ms
2021-07-29 13:50:30.829 - INFO  [           main] .b.w.s.ServletRegistrationBean : Servlet dispatcherServlet mapped to [/]
2021-07-29 13:50:30.835 - INFO  [           main] AbstractFilterRegistrationBean : Mapping filter: 'characterEncodingFilter' to: [/*]
2021-07-29 13:50:30.835 - INFO  [           main] AbstractFilterRegistrationBean : Mapping filter: 'hiddenHttpMethodFilter' to: [/*]
2021-07-29 13:50:30.835 - INFO  [           main] AbstractFilterRegistrationBean : Mapping filter: 'formContentFilter' to: [/*]
2021-07-29 13:50:30.835 - INFO  [           main] AbstractFilterRegistrationBean : Mapping filter: 'requestContextFilter' to: [/*]
2021-07-29 13:50:30.836 - INFO  [           main] AbstractFilterRegistrationBean : Mapping filter: 'shirFilter' to: [/*]
2021-07-29 13:50:30.836 - INFO  [           main] AbstractFilterRegistrationBean : Mapping filter: 'corsFilter' to: [/*]
2021-07-29 13:50:31.525 - INFO  [           main] c.ExecutorConfigurationSupport : Initializing ExecutorService 'applicationTaskExecutor'
2021-07-29 13:50:32.001 - INFO  [           main] o.s.b.w.e.t.TomcatWebServer    : Tomcat started on port(s): 8080 (http) with context path ''
2021-07-29 13:50:32.006 - INFO  [           main] o.s.b.StartupInfoLogger        : Started SmartmeetingroomApplication in 5.915 seconds (JVM running for 9.57)
2021-07-29 13:51:16.206 - INFO  [           main] o.s.b.StartupInfoLogger        : Starting SmartmeetingroomApplication on MSI with PID 18120 (C:\Users\MSI-PC\Desktop\smartmeetingroom\target\classes started by MSI-PC in C:\Users\MSI-PC\Desktop\smartmeetingroom)
2021-07-29 13:51:16.213 - INFO  [           main] o.s.b.SpringApplication        : No active profile set, falling back to default profiles: default
2021-07-29 13:51:17.394 - INFO  [           main] egate$BeanPostProcessorChecker : Bean 'serioConfig' of type [cn.hephaestus.smartmeetingroom.configuration.SerioConfig$$EnhancerBySpringCGLIB$$6e711f7b] is not eligible for getting processed by all BeanPostProcessors (for example: not eligible for auto-proxying)
2021-07-29 13:51:17.404 - INFO  [           main] egate$BeanPostProcessorChecker : Bean 'org.springframework.transaction.annotation.ProxyTransactionManagementConfiguration' of type [org.springframework.transaction.annotation.ProxyTransactionManagementConfiguration$$EnhancerBySpringCGLIB$$60c2c574] is not eligible for getting processed by all BeanPostProcessors (for example: not eligible for auto-proxying)
2021-07-29 13:51:19.121 - INFO  [           main] egate$BeanPostProcessorChecker : Bean 'hashedCredentialsMatcher' of type [org.apache.shiro.authc.credential.HashedCredentialsMatcher] is not eligible for getting processed by all BeanPostProcessors (for example: not eligible for auto-proxying)
2021-07-29 13:51:19.150 - INFO  [           main] egate$BeanPostProcessorChecker : Bean 'mybatis-org.mybatis.spring.boot.autoconfigure.MybatisProperties' of type [org.mybatis.spring.boot.autoconfigure.MybatisProperties] is not eligible for getting processed by all BeanPostProcessors (for example: not eligible for auto-proxying)
2021-07-29 13:51:19.157 - INFO  [           main] egate$BeanPostProcessorChecker : Bean 'org.mybatis.spring.boot.autoconfigure.MybatisAutoConfiguration' of type [org.mybatis.spring.boot.autoconfigure.MybatisAutoConfiguration$$EnhancerBySpringCGLIB$$939716a4] is not eligible for getting processed by all BeanPostProcessors (for example: not eligible for auto-proxying)
2021-07-29 13:51:19.159 - INFO  [           main] egate$BeanPostProcessorChecker : Bean 'org.springframework.boot.autoconfigure.jdbc.DataSourceConfiguration$Hikari' of type [org.springframework.boot.autoconfigure.jdbc.DataSourceConfiguration$Hikari] is not eligible for getting processed by all BeanPostProcessors (for example: not eligible for auto-proxying)
2021-07-29 13:51:19.173 - INFO  [           main] egate$BeanPostProcessorChecker : Bean 'spring.datasource-org.springframework.boot.autoconfigure.jdbc.DataSourceProperties' of type [org.springframework.boot.autoconfigure.jdbc.DataSourceProperties] is not eligible for getting processed by all BeanPostProcessors (for example: not eligible for auto-proxying)
2021-07-29 13:51:19.191 - INFO  [           main] egate$BeanPostProcessorChecker : Bean 'dataSource' of type [com.zaxxer.hikari.HikariDataSource] is not eligible for getting processed by all BeanPostProcessors (for example: not eligible for auto-proxying)
2021-07-29 13:51:19.200 - INFO  [           main] egate$BeanPostProcessorChecker : Bean 'org.springframework.boot.autoconfigure.jdbc.DataSourceInitializerInvoker' of type [org.springframework.boot.autoconfigure.jdbc.DataSourceInitializerInvoker] is not eligible for getting processed by all BeanPostProcessors (for example: not eligible for auto-proxying)
2021-07-29 13:51:19.249 - INFO  [           main] egate$BeanPostProcessorChecker : Bean 'sqlSessionFactory' of type [org.apache.ibatis.session.defaults.DefaultSqlSessionFactory] is not eligible for getting processed by all BeanPostProcessors (for example: not eligible for auto-proxying)
2021-07-29 13:51:19.256 - INFO  [           main] egate$BeanPostProcessorChecker : Bean 'sqlSessionTemplate' of type [org.mybatis.spring.SqlSessionTemplate] is not eligible for getting processed by all BeanPostProcessors (for example: not eligible for auto-proxying)
2021-07-29 13:51:19.287 - INFO  [           main] egate$BeanPostProcessorChecker : Bean 'userMapper' of type [org.mybatis.spring.mapper.MapperFactoryBean] is not eligible for getting processed by all BeanPostProcessors (for example: not eligible for auto-proxying)
2021-07-29 13:51:19.289 - INFO  [           main] egate$BeanPostProcessorChecker : Bean 'userMapper' of type [com.sun.proxy.$Proxy77] is not eligible for getting processed by all BeanPostProcessors (for example: not eligible for auto-proxying)
2021-07-29 13:51:19.297 - INFO  [           main] egate$BeanPostProcessorChecker : Bean 'userInfoMapper' of type [org.mybatis.spring.mapper.MapperFactoryBean] is not eligible for getting processed by all BeanPostProcessors (for example: not eligible for auto-proxying)
2021-07-29 13:51:19.298 - INFO  [           main] egate$BeanPostProcessorChecker : Bean 'userInfoMapper' of type [com.sun.proxy.$Proxy79] is not eligible for getting processed by all BeanPostProcessors (for example: not eligible for auto-proxying)
2021-07-29 13:51:19.306 - INFO  [           main] egate$BeanPostProcessorChecker : Bean 'organizationMapper' of type [org.mybatis.spring.mapper.MapperFactoryBean] is not eligible for getting processed by all BeanPostProcessors (for example: not eligible for auto-proxying)
2021-07-29 13:51:19.306 - INFO  [           main] egate$BeanPostProcessorChecker : Bean 'organizationMapper' of type [com.sun.proxy.$Proxy81] is not eligible for getting processed by all BeanPostProcessors (for example: not eligible for auto-proxying)
2021-07-29 13:51:19.307 - INFO  [           main] egate$BeanPostProcessorChecker : Bean 'organizationServiceImpl' of type [cn.hephaestus.smartmeetingroom.service.ServiceImpl.OrganizationServiceImpl] is not eligible for getting processed by all BeanPostProcessors (for example: not eligible for auto-proxying)
2021-07-29 13:51:19.314 - INFO  [           main] egate$BeanPostProcessorChecker : Bean 'departmentMapper' of type [org.mybatis.spring.mapper.MapperFactoryBean] is not eligible for getting processed by all BeanPostProcessors (for example: not eligible for auto-proxying)
2021-07-29 13:51:19.315 - INFO  [           main] egate$BeanPostProcessorChecker : Bean 'departmentMapper' of type [com.sun.proxy.$Proxy84] is not eligible for getting processed by all BeanPostProcessors (for example: not eligible for auto-proxying)
2021-07-29 13:51:19.317 - INFO  [           main] egate$BeanPostProcessorChecker : Bean 'departmentServiceImpl' of type [cn.hephaestus.smartmeetingroom.service.ServiceImpl.DepartmentServiceImpl] is not eligible for getting processed by all BeanPostProcessors (for example: not eligible for auto-proxying)
2021-07-29 13:51:19.318 - INFO  [           main] egate$BeanPostProcessorChecker : Bean 'userServiceImpl' of type [cn.hephaestus.smartmeetingroom.service.ServiceImpl.UserServiceImpl] is not eligible for getting processed by all BeanPostProcessors (for example: not eligible for auto-proxying)
2021-07-29 13:51:19.319 - INFO  [           main] egate$BeanPostProcessorChecker : Bean 'ShiroRealm' of type [cn.hephaestus.smartmeetingroom.shiro.ShiroRealm] is not eligible for getting processed by all BeanPostProcessors (for example: not eligible for auto-proxying)
2021-07-29 13:51:19.324 - INFO  [           main] egate$BeanPostProcessorChecker : Bean 'securityManager' of type [org.apache.shiro.web.mgt.DefaultWebSecurityManager] is not eligible for getting processed by all BeanPostProcessors (for example: not eligible for auto-proxying)
2021-07-29 13:51:19.713 - INFO  [           main] o.s.b.w.e.t.TomcatWebServer    : Tomcat initialized with port(s): 8080 (http)
2021-07-29 13:51:19.889 - INFO  [           main] letWebServerApplicationContext : Root WebApplicationContext: initialization completed in 3581 ms
2021-07-29 13:51:19.936 - INFO  [           main] .b.w.s.ServletRegistrationBean : Servlet dispatcherServlet mapped to [/]
2021-07-29 13:51:19.941 - INFO  [           main] AbstractFilterRegistrationBean : Mapping filter: 'characterEncodingFilter' to: [/*]
2021-07-29 13:51:19.941 - INFO  [           main] AbstractFilterRegistrationBean : Mapping filter: 'hiddenHttpMethodFilter' to: [/*]
2021-07-29 13:51:19.941 - INFO  [           main] AbstractFilterRegistrationBean : Mapping filter: 'formContentFilter' to: [/*]
2021-07-29 13:51:19.942 - INFO  [           main] AbstractFilterRegistrationBean : Mapping filter: 'requestContextFilter' to: [/*]
2021-07-29 13:51:19.942 - INFO  [           main] AbstractFilterRegistrationBean : Mapping filter: 'shirFilter' to: [/*]
2021-07-29 13:51:19.942 - INFO  [           main] AbstractFilterRegistrationBean : Mapping filter: 'corsFilter' to: [/*]
2021-07-29 13:51:20.523 - INFO  [           main] c.ExecutorConfigurationSupport : Initializing ExecutorService 'applicationTaskExecutor'
2021-07-29 13:51:20.941 - INFO  [           main] o.s.b.w.e.t.TomcatWebServer    : Tomcat started on port(s): 8080 (http) with context path ''
2021-07-29 13:51:20.945 - INFO  [           main] o.s.b.StartupInfoLogger        : Started SmartmeetingroomApplication in 5.162 seconds (JVM running for 8.251)
2021-07-29 13:51:38.266 - INFO  [nio-8080-exec-1] o.s.w.s.FrameworkServlet       : Initializing Servlet 'dispatcherServlet'
2021-07-29 13:51:38.274 - INFO  [nio-8080-exec-1] o.s.w.s.FrameworkServlet       : Completed initialization in 8 ms
2021-07-31 17:52:18.145 - INFO  [           main] o.s.b.StartupInfoLogger        : Starting SmartmeetingroomApplication on MSI with PID 25416 (F:\git\smartMeetingRoom\smartmeetingroom\target\classes started by MSI-PC in F:\git\smartMeetingRoom\smartmeetingroom)
2021-07-31 17:52:18.154 - INFO  [           main] o.s.b.SpringApplication        : No active profile set, falling back to default profiles: default
2021-07-31 17:52:19.357 - INFO  [           main] egate$BeanPostProcessorChecker : Bean 'serioConfig' of type [cn.hephaestus.smartmeetingroom.configuration.SerioConfig$$EnhancerBySpringCGLIB$$2ba5f2c1] is not eligible for getting processed by all BeanPostProcessors (for example: not eligible for auto-proxying)
2021-07-31 17:52:19.365 - INFO  [           main] egate$BeanPostProcessorChecker : Bean 'org.springframework.transaction.annotation.ProxyTransactionManagementConfiguration' of type [org.springframework.transaction.annotation.ProxyTransactionManagementConfiguration$$EnhancerBySpringCGLIB$$1df798ba] is not eligible for getting processed by all BeanPostProcessors (for example: not eligible for auto-proxying)
2021-07-31 17:52:21.488 - INFO  [           main] egate$BeanPostProcessorChecker : Bean 'hashedCredentialsMatcher' of type [org.apache.shiro.authc.credential.HashedCredentialsMatcher] is not eligible for getting processed by all BeanPostProcessors (for example: not eligible for auto-proxying)
2021-07-31 17:52:21.515 - INFO  [           main] egate$BeanPostProcessorChecker : Bean 'mybatis-org.mybatis.spring.boot.autoconfigure.MybatisProperties' of type [org.mybatis.spring.boot.autoconfigure.MybatisProperties] is not eligible for getting processed by all BeanPostProcessors (for example: not eligible for auto-proxying)
2021-07-31 17:52:21.522 - INFO  [           main] egate$BeanPostProcessorChecker : Bean 'org.mybatis.spring.boot.autoconfigure.MybatisAutoConfiguration' of type [org.mybatis.spring.boot.autoconfigure.MybatisAutoConfiguration$$EnhancerBySpringCGLIB$$50cbe9ea] is not eligible for getting processed by all BeanPostProcessors (for example: not eligible for auto-proxying)
2021-07-31 17:52:21.525 - INFO  [           main] egate$BeanPostProcessorChecker : Bean 'org.springframework.boot.autoconfigure.jdbc.DataSourceConfiguration$Hikari' of type [org.springframework.boot.autoconfigure.jdbc.DataSourceConfiguration$Hikari] is not eligible for getting processed by all BeanPostProcessors (for example: not eligible for auto-proxying)
2021-07-31 17:52:21.537 - INFO  [           main] egate$BeanPostProcessorChecker : Bean 'spring.datasource-org.springframework.boot.autoconfigure.jdbc.DataSourceProperties' of type [org.springframework.boot.autoconfigure.jdbc.DataSourceProperties] is not eligible for getting processed by all BeanPostProcessors (for example: not eligible for auto-proxying)
2021-07-31 17:52:21.558 - INFO  [           main] egate$BeanPostProcessorChecker : Bean 'dataSource' of type [com.zaxxer.hikari.HikariDataSource] is not eligible for getting processed by all BeanPostProcessors (for example: not eligible for auto-proxying)
2021-07-31 17:52:21.565 - INFO  [           main] egate$BeanPostProcessorChecker : Bean 'org.springframework.boot.autoconfigure.jdbc.DataSourceInitializerInvoker' of type [org.springframework.boot.autoconfigure.jdbc.DataSourceInitializerInvoker] is not eligible for getting processed by all BeanPostProcessors (for example: not eligible for auto-proxying)
2021-07-31 17:52:21.619 - INFO  [           main] egate$BeanPostProcessorChecker : Bean 'sqlSessionFactory' of type [org.apache.ibatis.session.defaults.DefaultSqlSessionFactory] is not eligible for getting processed by all BeanPostProcessors (for example: not eligible for auto-proxying)
2021-07-31 17:52:21.624 - INFO  [           main] egate$BeanPostProcessorChecker : Bean 'sqlSessionTemplate' of type [org.mybatis.spring.SqlSessionTemplate] is not eligible for getting processed by all BeanPostProcessors (for example: not eligible for auto-proxying)
2021-07-31 17:52:21.653 - INFO  [           main] egate$BeanPostProcessorChecker : Bean 'userMapper' of type [org.mybatis.spring.mapper.MapperFactoryBean] is not eligible for getting processed by all BeanPostProcessors (for example: not eligible for auto-proxying)
2021-07-31 17:52:21.655 - INFO  [           main] egate$BeanPostProcessorChecker : Bean 'userMapper' of type [com.sun.proxy.$Proxy77] is not eligible for getting processed by all BeanPostProcessors (for example: not eligible for auto-proxying)
2021-07-31 17:52:21.663 - INFO  [           main] egate$BeanPostProcessorChecker : Bean 'userInfoMapper' of type [org.mybatis.spring.mapper.MapperFactoryBean] is not eligible for getting processed by all BeanPostProcessors (for example: not eligible for auto-proxying)
2021-07-31 17:52:21.664 - INFO  [           main] egate$BeanPostProcessorChecker : Bean 'userInfoMapper' of type [com.sun.proxy.$Proxy79] is not eligible for getting processed by all BeanPostProcessors (for example: not eligible for auto-proxying)
2021-07-31 17:52:21.672 - INFO  [           main] egate$BeanPostProcessorChecker : Bean 'organizationMapper' of type [org.mybatis.spring.mapper.MapperFactoryBean] is not eligible for getting processed by all BeanPostProcessors (for example: not eligible for auto-proxying)
2021-07-31 17:52:21.672 - INFO  [           main] egate$BeanPostProcessorChecker : Bean 'organizationMapper' of type [com.sun.proxy.$Proxy81] is not eligible for getting processed by all BeanPostProcessors (for example: not eligible for auto-proxying)
2021-07-31 17:52:21.673 - INFO  [           main] egate$BeanPostProcessorChecker : Bean 'organizationServiceImpl' of type [cn.hephaestus.smartmeetingroom.service.ServiceImpl.OrganizationServiceImpl] is not eligible for getting processed by all BeanPostProcessors (for example: not eligible for auto-proxying)
2021-07-31 17:52:21.679 - INFO  [           main] egate$BeanPostProcessorChecker : Bean 'departmentMapper' of type [org.mybatis.spring.mapper.MapperFactoryBean] is not eligible for getting processed by all BeanPostProcessors (for example: not eligible for auto-proxying)
2021-07-31 17:52:21.680 - INFO  [           main] egate$BeanPostProcessorChecker : Bean 'departmentMapper' of type [com.sun.proxy.$Proxy84] is not eligible for getting processed by all BeanPostProcessors (for example: not eligible for auto-proxying)
2021-07-31 17:52:21.682 - INFO  [           main] egate$BeanPostProcessorChecker : Bean 'departmentServiceImpl' of type [cn.hephaestus.smartmeetingroom.service.ServiceImpl.DepartmentServiceImpl] is not eligible for getting processed by all BeanPostProcessors (for example: not eligible for auto-proxying)
2021-07-31 17:52:21.683 - INFO  [           main] egate$BeanPostProcessorChecker : Bean 'userServiceImpl' of type [cn.hephaestus.smartmeetingroom.service.ServiceImpl.UserServiceImpl] is not eligible for getting processed by all BeanPostProcessors (for example: not eligible for auto-proxying)
2021-07-31 17:52:21.684 - INFO  [           main] egate$BeanPostProcessorChecker : Bean 'ShiroRealm' of type [cn.hephaestus.smartmeetingroom.shiro.ShiroRealm] is not eligible for getting processed by all BeanPostProcessors (for example: not eligible for auto-proxying)
2021-07-31 17:52:21.689 - INFO  [           main] egate$BeanPostProcessorChecker : Bean 'securityManager' of type [org.apache.shiro.web.mgt.DefaultWebSecurityManager] is not eligible for getting processed by all BeanPostProcessors (for example: not eligible for auto-proxying)
2021-07-31 17:52:22.057 - INFO  [           main] o.s.b.w.e.t.TomcatWebServer    : Tomcat initialized with port(s): 8080 (http)
2021-07-31 17:52:22.229 - INFO  [           main] letWebServerApplicationContext : Root WebApplicationContext: initialization completed in 3975 ms
2021-07-31 17:52:22.273 - INFO  [           main] .b.w.s.ServletRegistrationBean : Servlet dispatcherServlet mapped to [/]
2021-07-31 17:52:22.277 - INFO  [           main] AbstractFilterRegistrationBean : Mapping filter: 'characterEncodingFilter' to: [/*]
2021-07-31 17:52:22.278 - INFO  [           main] AbstractFilterRegistrationBean : Mapping filter: 'hiddenHttpMethodFilter' to: [/*]
2021-07-31 17:52:22.278 - INFO  [           main] AbstractFilterRegistrationBean : Mapping filter: 'formContentFilter' to: [/*]
2021-07-31 17:52:22.278 - INFO  [           main] AbstractFilterRegistrationBean : Mapping filter: 'requestContextFilter' to: [/*]
2021-07-31 17:52:22.278 - INFO  [           main] AbstractFilterRegistrationBean : Mapping filter: 'shirFilter' to: [/*]
2021-07-31 17:52:22.279 - INFO  [           main] AbstractFilterRegistrationBean : Mapping filter: 'corsFilter' to: [/*]
2021-07-31 17:52:22.899 - INFO  [           main] c.ExecutorConfigurationSupport : Initializing ExecutorService 'applicationTaskExecutor'
2021-07-31 17:52:23.322 - INFO  [           main] o.s.b.w.e.t.TomcatWebServer    : Tomcat started on port(s): 8080 (http) with context path ''
2021-07-31 17:52:23.325 - INFO  [           main] o.s.b.StartupInfoLogger        : Started SmartmeetingroomApplication in 5.708 seconds (JVM running for 8.945)
2021-07-31 18:02:09.346 - INFO  [           main] o.s.b.StartupInfoLogger        : Starting SmartmeetingroomApplication on MSI with PID 12252 (F:\git\smartMeetingRoom\smartmeetingroom\target\classes started by MSI-PC in F:\git\smartMeetingRoom\smartmeetingroom)
2021-07-31 18:02:09.351 - INFO  [           main] o.s.b.SpringApplication        : No active profile set, falling back to default profiles: default
2021-07-31 18:02:10.308 - INFO  [           main] egate$BeanPostProcessorChecker : Bean 'serioConfig' of type [cn.hephaestus.smartmeetingroom.configuration.SerioConfig$$EnhancerBySpringCGLIB$$bdbe5c70] is not eligible for getting processed by all BeanPostProcessors (for example: not eligible for auto-proxying)
2021-07-31 18:02:10.317 - INFO  [           main] egate$BeanPostProcessorChecker : Bean 'org.springframework.transaction.annotation.ProxyTransactionManagementConfiguration' of type [org.springframework.transaction.annotation.ProxyTransactionManagementConfiguration$$EnhancerBySpringCGLIB$$b0100269] is not eligible for getting processed by all BeanPostProcessors (for example: not eligible for auto-proxying)
2021-07-31 18:02:12.036 - INFO  [           main] egate$BeanPostProcessorChecker : Bean 'hashedCredentialsMatcher' of type [org.apache.shiro.authc.credential.HashedCredentialsMatcher] is not eligible for getting processed by all BeanPostProcessors (for example: not eligible for auto-proxying)
2021-07-31 18:02:12.059 - INFO  [           main] egate$BeanPostProcessorChecker : Bean 'mybatis-org.mybatis.spring.boot.autoconfigure.MybatisProperties' of type [org.mybatis.spring.boot.autoconfigure.MybatisProperties] is not eligible for getting processed by all BeanPostProcessors (for example: not eligible for auto-proxying)
2021-07-31 18:02:12.065 - INFO  [           main] egate$BeanPostProcessorChecker : Bean 'org.mybatis.spring.boot.autoconfigure.MybatisAutoConfiguration' of type [org.mybatis.spring.boot.autoconfigure.MybatisAutoConfiguration$$EnhancerBySpringCGLIB$$e2e45399] is not eligible for getting processed by all BeanPostProcessors (for example: not eligible for auto-proxying)
2021-07-31 18:02:12.068 - INFO  [           main] egate$BeanPostProcessorChecker : Bean 'org.springframework.boot.autoconfigure.jdbc.DataSourceConfiguration$Hikari' of type [org.springframework.boot.autoconfigure.jdbc.DataSourceConfiguration$Hikari] is not eligible for getting processed by all BeanPostProcessors (for example: not eligible for auto-proxying)
2021-07-31 18:02:12.079 - INFO  [           main] egate$BeanPostProcessorChecker : Bean 'spring.datasource-org.springframework.boot.autoconfigure.jdbc.DataSourceProperties' of type [org.springframework.boot.autoconfigure.jdbc.DataSourceProperties] is not eligible for getting processed by all BeanPostProcessors (for example: not eligible for auto-proxying)
2021-07-31 18:02:12.095 - INFO  [           main] egate$BeanPostProcessorChecker : Bean 'dataSource' of type [com.zaxxer.hikari.HikariDataSource] is not eligible for getting processed by all BeanPostProcessors (for example: not eligible for auto-proxying)
2021-07-31 18:02:12.103 - INFO  [           main] egate$BeanPostProcessorChecker : Bean 'org.springframework.boot.autoconfigure.jdbc.DataSourceInitializerInvoker' of type [org.springframework.boot.autoconfigure.jdbc.DataSourceInitializerInvoker] is not eligible for getting processed by all BeanPostProcessors (for example: not eligible for auto-proxying)
2021-07-31 18:02:12.143 - INFO  [           main] egate$BeanPostProcessorChecker : Bean 'sqlSessionFactory' of type [org.apache.ibatis.session.defaults.DefaultSqlSessionFactory] is not eligible for getting processed by all BeanPostProcessors (for example: not eligible for auto-proxying)
2021-07-31 18:02:12.147 - INFO  [           main] egate$BeanPostProcessorChecker : Bean 'sqlSessionTemplate' of type [org.mybatis.spring.SqlSessionTemplate] is not eligible for getting processed by all BeanPostProcessors (for example: not eligible for auto-proxying)
2021-07-31 18:02:12.174 - INFO  [           main] egate$BeanPostProcessorChecker : Bean 'userMapper' of type [org.mybatis.spring.mapper.MapperFactoryBean] is not eligible for getting processed by all BeanPostProcessors (for example: not eligible for auto-proxying)
2021-07-31 18:02:12.176 - INFO  [           main] egate$BeanPostProcessorChecker : Bean 'userMapper' of type [com.sun.proxy.$Proxy77] is not eligible for getting processed by all BeanPostProcessors (for example: not eligible for auto-proxying)
2021-07-31 18:02:12.184 - INFO  [           main] egate$BeanPostProcessorChecker : Bean 'userInfoMapper' of type [org.mybatis.spring.mapper.MapperFactoryBean] is not eligible for getting processed by all BeanPostProcessors (for example: not eligible for auto-proxying)
2021-07-31 18:02:12.185 - INFO  [           main] egate$BeanPostProcessorChecker : Bean 'userInfoMapper' of type [com.sun.proxy.$Proxy79] is not eligible for getting processed by all BeanPostProcessors (for example: not eligible for auto-proxying)
2021-07-31 18:02:12.191 - INFO  [           main] egate$BeanPostProcessorChecker : Bean 'organizationMapper' of type [org.mybatis.spring.mapper.MapperFactoryBean] is not eligible for getting processed by all BeanPostProcessors (for example: not eligible for auto-proxying)
2021-07-31 18:02:12.192 - INFO  [           main] egate$BeanPostProcessorChecker : Bean 'organizationMapper' of type [com.sun.proxy.$Proxy81] is not eligible for getting processed by all BeanPostProcessors (for example: not eligible for auto-proxying)
2021-07-31 18:02:12.193 - INFO  [           main] egate$BeanPostProcessorChecker : Bean 'organizationServiceImpl' of type [cn.hephaestus.smartmeetingroom.service.ServiceImpl.OrganizationServiceImpl] is not eligible for getting processed by all BeanPostProcessors (for example: not eligible for auto-proxying)
2021-07-31 18:02:12.198 - INFO  [           main] egate$BeanPostProcessorChecker : Bean 'departmentMapper' of type [org.mybatis.spring.mapper.MapperFactoryBean] is not eligible for getting processed by all BeanPostProcessors (for example: not eligible for auto-proxying)
2021-07-31 18:02:12.200 - INFO  [           main] egate$BeanPostProcessorChecker : Bean 'departmentMapper' of type [com.sun.proxy.$Proxy84] is not eligible for getting processed by all BeanPostProcessors (for example: not eligible for auto-proxying)
2021-07-31 18:02:12.202 - INFO  [           main] egate$BeanPostProcessorChecker : Bean 'departmentServiceImpl' of type [cn.hephaestus.smartmeetingroom.service.ServiceImpl.DepartmentServiceImpl] is not eligible for getting processed by all BeanPostProcessors (for example: not eligible for auto-proxying)
2021-07-31 18:02:12.202 - INFO  [           main] egate$BeanPostProcessorChecker : Bean 'userServiceImpl' of type [cn.hephaestus.smartmeetingroom.service.ServiceImpl.UserServiceImpl] is not eligible for getting processed by all BeanPostProcessors (for example: not eligible for auto-proxying)
2021-07-31 18:02:12.203 - INFO  [           main] egate$BeanPostProcessorChecker : Bean 'ShiroRealm' of type [cn.hephaestus.smartmeetingroom.shiro.ShiroRealm] is not eligible for getting processed by all BeanPostProcessors (for example: not eligible for auto-proxying)
2021-07-31 18:02:12.207 - INFO  [           main] egate$BeanPostProcessorChecker : Bean 'securityManager' of type [org.apache.shiro.web.mgt.DefaultWebSecurityManager] is not eligible for getting processed by all BeanPostProcessors (for example: not eligible for auto-proxying)
2021-07-31 18:02:12.508 - INFO  [           main] o.s.b.w.e.t.TomcatWebServer    : Tomcat initialized with port(s): 8080 (http)
2021-07-31 18:02:12.671 - INFO  [           main] letWebServerApplicationContext : Root WebApplicationContext: initialization completed in 3237 ms
2021-07-31 18:02:12.710 - INFO  [           main] .b.w.s.ServletRegistrationBean : Servlet dispatcherServlet mapped to [/]
2021-07-31 18:02:12.715 - INFO  [           main] AbstractFilterRegistrationBean : Mapping filter: 'characterEncodingFilter' to: [/*]
2021-07-31 18:02:12.716 - INFO  [           main] AbstractFilterRegistrationBean : Mapping filter: 'hiddenHttpMethodFilter' to: [/*]
2021-07-31 18:02:12.716 - INFO  [           main] AbstractFilterRegistrationBean : Mapping filter: 'formContentFilter' to: [/*]
2021-07-31 18:02:12.716 - INFO  [           main] AbstractFilterRegistrationBean : Mapping filter: 'requestContextFilter' to: [/*]
2021-07-31 18:02:12.717 - INFO  [           main] AbstractFilterRegistrationBean : Mapping filter: 'shirFilter' to: [/*]
2021-07-31 18:02:12.717 - INFO  [           main] AbstractFilterRegistrationBean : Mapping filter: 'corsFilter' to: [/*]
2021-07-31 18:02:13.240 - INFO  [           main] c.ExecutorConfigurationSupport : Initializing ExecutorService 'applicationTaskExecutor'
2021-07-31 18:02:13.627 - INFO  [           main] o.s.b.w.e.t.TomcatWebServer    : Tomcat started on port(s): 8080 (http) with context path ''
2021-07-31 18:02:13.630 - INFO  [           main] o.s.b.StartupInfoLogger        : Started SmartmeetingroomApplication in 4.608 seconds (JVM running for 7.771)
